Determining if the pthread_create exist failed with the following output:
Change Dir: /home/hbeilinson/catkin_ws/src/beginner_tutorials/CMakeFiles/CMakeTmp

Run Build Command:/usr/bin/make "cmTryCompileExec1880205938/fast"
/usr/bin/make -f CMakeFiles/cmTryCompileExec1880205938.dir/build.make CMakeFiles/cmTryCompileExec1880205938.dir/build
make[1]: Entering directory `/home/hbeilinson/catkin_ws/src/beginner_tutorials/CMakeFiles/CMakeTmp'
/usr/bin/cmake -E cmake_progress_report /home/hbeilinson/catkin_ws/src/beginner_tutorials/CMakeFiles/CMakeTmp/CMakeFiles 1
Building C object CMakeFiles/cmTryCompileExec1880205938.dir/CheckSymbolExists.c.o
/usr/bin/cc    -o CMakeFiles/cmTryCompileExec1880205938.dir/CheckSymbolExists.c.o   -c /home/hbeilinson/catkin_ws/src/beginner_tutorials/CMakeFiles/CMakeTmp/CheckSymbolExists.c
Linking C executable cmTryCompileExec1880205938
/usr/bin/cmake -E cmake_link_script CMakeFiles/cmTryCompileExec1880205938.dir/link.txt --verbose=1
/usr/bin/cc       CMakeFiles/cmTryCompileExec1880205938.dir/CheckSymbolExists.c.o  -o cmTryCompileExec1880205938 -rdynamic 
CMakeFiles/cmTryCompileExec1880205938.dir/CheckSymbolExists.c.o: In function `main':
CheckSymbolExists.c:(.text+0x16): undefined reference to `pthread_create'
collect2: error: ld returned 1 exit status
make[1]: *** [cmTryCompileExec1880205938] Error 1
make[1]: Leaving directory `/home/hbeilinson/catkin_ws/src/beginner_tutorials/CMakeFiles/CMakeTmp'
make: *** [cmTryCompileExec1880205938/fast] Error 2

File /home/hbeilinson/catkin_ws/src/beginner_tutorials/CMakeFiles/CMakeTmp/CheckSymbolExists.c:
/* */
#include <pthread.h>

int main(int argc, char** argv)
{
  (void)argv;
#ifndef pthread_create
  return ((int*)(&pthread_create))[argc];
#else
  (void)argc;
  return 0;
#endif
}

Determining if the function pthread_create exists in the pthreads failed with the following output:
Change Dir: /home/hbeilinson/catkin_ws/src/beginner_tutorials/CMakeFiles/CMakeTmp

Run Build Command:/usr/bin/make "cmTryCompileExec2718653219/fast"
/usr/bin/make -f CMakeFiles/cmTryCompileExec2718653219.dir/build.make CMakeFiles/cmTryCompileExec2718653219.dir/build
make[1]: Entering directory `/home/hbeilinson/catkin_ws/src/beginner_tutorials/CMakeFiles/CMakeTmp'
/usr/bin/cmake -E cmake_progress_report /home/hbeilinson/catkin_ws/src/beginner_tutorials/CMakeFiles/CMakeTmp/CMakeFiles 1
Building C object CMakeFiles/cmTryCompileExec2718653219.dir/CheckFunctionExists.c.o
/usr/bin/cc   -DCHECK_FUNCTION_EXISTS=pthread_create   -o CMakeFiles/cmTryCompileExec2718653219.dir/CheckFunctionExists.c.o   -c /usr/share/cmake-2.8/Modules/CheckFunctionExists.c
Linking C executable cmTryCompileExec2718653219
/usr/bin/cmake -E cmake_link_script CMakeFiles/cmTryCompileExec2718653219.dir/link.txt --verbose=1
/usr/bin/cc   -DCHECK_FUNCTION_EXISTS=pthread_create    CMakeFiles/cmTryCompileExec2718653219.dir/CheckFunctionExists.c.o  -o cmTryCompileExec2718653219 -rdynamic -lpthreads 
/usr/bin/ld: cannot find -lpthreads
collect2: error: ld returned 1 exit status
make[1]: *** [cmTryCompileExec2718653219] Error 1
make[1]: Leaving directory `/home/hbeilinson/catkin_ws/src/beginner_tutorials/CMakeFiles/CMakeTmp'
make: *** [cmTryCompileExec2718653219/fast] Error 2


